  Environment.cpp
D:\COMPUTER GAMES TECHNOLOGY\year 3\2022\MAT301\CMP304\CMP304\Environment.cpp(22,15): warning C4244: 'argument': conversion from 'time_t' to 'unsigned int', possible loss of data
D:\COMPUTER GAMES TECHNOLOGY\year 3\2022\MAT301\CMP304\CMP304\Environment.cpp(50,105): warning C4244: 'argument': conversion from 'T' to 'float', possible loss of data
          with
          [
              T=unsigned int
          ]
D:\COMPUTER GAMES TECHNOLOGY\year 3\2022\MAT301\CMP304\CMP304\Environment.cpp(50,61): warning C4244: 'argument': conversion from 'T' to 'float', possible loss of data
          with
          [
              T=unsigned int
          ]
D:\COMPUTER GAMES TECHNOLOGY\year 3\2022\MAT301\CMP304\CMP304\Environment.cpp(70,105): warning C4244: 'argument': conversion from 'T' to 'float', possible loss of data
          with
          [
              T=unsigned int
          ]
D:\COMPUTER GAMES TECHNOLOGY\year 3\2022\MAT301\CMP304\CMP304\Environment.cpp(70,61): warning C4244: 'argument': conversion from 'T' to 'float', possible loss of data
          with
          [
              T=unsigned int
          ]
D:\COMPUTER GAMES TECHNOLOGY\year 3\2022\MAT301\CMP304\CMP304\Environment.cpp(150,22): warning C4305: '=': truncation from 'double' to 'float'
D:\COMPUTER GAMES TECHNOLOGY\year 3\2022\MAT301\CMP304\CMP304\Environment.cpp(217,33): warning C4244: 'argument': conversion from 'int' to 'float', possible loss of data
D:\COMPUTER GAMES TECHNOLOGY\year 3\2022\MAT301\CMP304\CMP304\Environment.cpp(217,30): warning C4244: 'argument': conversion from 'int' to 'float', possible loss of data
D:\COMPUTER GAMES TECHNOLOGY\year 3\2022\MAT301\CMP304\CMP304\Environment.cpp(219,60): warning C4244: 'argument': conversion from 'int' to 'T', possible loss of data
          with
          [
              T=float
          ]
D:\COMPUTER GAMES TECHNOLOGY\year 3\2022\MAT301\CMP304\CMP304\Environment.cpp(219,57): warning C4244: 'argument': conversion from 'int' to 'T', possible loss of data
          with
          [
              T=float
          ]
D:\COMPUTER GAMES TECHNOLOGY\year 3\2022\MAT301\CMP304\CMP304\Environment.cpp(222,37): warning C4244: 'argument': conversion from 'int' to 'float', possible loss of data
D:\COMPUTER GAMES TECHNOLOGY\year 3\2022\MAT301\CMP304\CMP304\Environment.cpp(222,34): warning C4244: 'argument': conversion from 'int' to 'float', possible loss of data
D:\COMPUTER GAMES TECHNOLOGY\year 3\2022\MAT301\CMP304\CMP304\Environment.cpp(278,65): warning C4244: 'argument': conversion from 'const T' to 'T', possible loss of data
          with
          [
              T=float
          ]
          and
          [
              T=int
          ]
D:\COMPUTER GAMES TECHNOLOGY\year 3\2022\MAT301\CMP304\CMP304\Environment.cpp(278,43): warning C4244: 'argument': conversion from 'const T' to 'T', possible loss of data
          with
          [
              T=float
          ]
          and
          [
              T=int
          ]
  Game.cpp
D:\COMPUTER GAMES TECHNOLOGY\year 3\2022\MAT301\CMP304\CMP304\QLearningAgent.h(61,21): warning C4305: 'initializing': truncation from 'double' to 'float'
D:\COMPUTER GAMES TECHNOLOGY\year 3\2022\MAT301\CMP304\CMP304\QLearningAgent.h(62,23): warning C4305: 'initializing': truncation from 'double' to 'float'
D:\COMPUTER GAMES TECHNOLOGY\year 3\2022\MAT301\CMP304\CMP304\Game.cpp(35,37): warning C4305: 'argument': truncation from 'double' to 'float'
  MainMenu.cpp
D:\COMPUTER GAMES TECHNOLOGY\year 3\2022\MAT301\CMP304\CMP304\QLearningAgent.h(61,21): warning C4305: 'initializing': truncation from 'double' to 'float'
D:\COMPUTER GAMES TECHNOLOGY\year 3\2022\MAT301\CMP304\CMP304\QLearningAgent.h(62,23): warning C4305: 'initializing': truncation from 'double' to 'float'
D:\COMPUTER GAMES TECHNOLOGY\year 3\2022\MAT301\CMP304\CMP304\MainMenu.cpp(37,70): warning C4244: 'argument': conversion from 'T' to 'float', possible loss of data
          with
          [
              T=unsigned int
          ]
D:\COMPUTER GAMES TECHNOLOGY\year 3\2022\MAT301\CMP304\CMP304\MainMenu.cpp(44,67): warning C4244: 'argument': conversion from 'T' to 'float', possible loss of data
          with
          [
              T=unsigned int
          ]
D:\COMPUTER GAMES TECHNOLOGY\year 3\2022\MAT301\CMP304\CMP304\MainMenu.cpp(51,67): warning C4244: 'argument': conversion from 'T' to 'float', possible loss of data
          with
          [
              T=unsigned int
          ]
  PauseGame.cpp
D:\COMPUTER GAMES TECHNOLOGY\year 3\2022\MAT301\CMP304\CMP304\PauseGame.cpp(28,115): warning C4244: 'argument': conversion from 'T' to 'float', possible loss of data
          with
          [
              T=unsigned int
          ]
D:\COMPUTER GAMES TECHNOLOGY\year 3\2022\MAT301\CMP304\CMP304\PauseGame.cpp(28,67): warning C4244: 'argument': conversion from 'T' to 'float', possible loss of data
          with
          [
              T=unsigned int
          ]
  QLearningAgent.cpp
D:\COMPUTER GAMES TECHNOLOGY\year 3\2022\MAT301\CMP304\CMP304\QLearningAgent.h(61,21): warning C4305: 'initializing': truncation from 'double' to 'float'
D:\COMPUTER GAMES TECHNOLOGY\year 3\2022\MAT301\CMP304\CMP304\QLearningAgent.h(62,23): warning C4305: 'initializing': truncation from 'double' to 'float'
D:\COMPUTER GAMES TECHNOLOGY\year 3\2022\MAT301\CMP304\CMP304\QLearningAgent.cpp(13,15): warning C4244: 'argument': conversion from 'time_t' to 'unsigned int', possible loss of data
D:\COMPUTER GAMES TECHNOLOGY\year 3\2022\MAT301\CMP304\CMP304\QLearningAgent.cpp(38,41): warning C4244: '=': conversion from 'T' to 'T', possible loss of data
          with
          [
              T=float
          ]
          and
          [
              T=int
          ]
D:\COMPUTER GAMES TECHNOLOGY\year 3\2022\MAT301\CMP304\CMP304\QLearningAgent.cpp(47,41): warning C4244: '=': conversion from 'T' to 'T', possible loss of data
          with
          [
              T=float
          ]
          and
          [
              T=int
          ]
D:\COMPUTER GAMES TECHNOLOGY\year 3\2022\MAT301\CMP304\CMP304\QLearningAgent.cpp(61,47): warning C4244: '=': conversion from 'T' to 'T', possible loss of data
          with
          [
              T=float
          ]
          and
          [
              T=int
          ]
D:\COMPUTER GAMES TECHNOLOGY\year 3\2022\MAT301\CMP304\CMP304\QLearningAgent.cpp(70,47): warning C4244: '=': conversion from 'T' to 'T', possible loss of data
          with
          [
              T=float
          ]
          and
          [
              T=int
          ]
  main.cpp
D:\COMPUTER GAMES TECHNOLOGY\year 3\2022\MAT301\CMP304\CMP304\QLearningAgent.h(61,21): warning C4305: 'initializing': truncation from 'double' to 'float'
D:\COMPUTER GAMES TECHNOLOGY\year 3\2022\MAT301\CMP304\CMP304\QLearningAgent.h(62,23): warning C4305: 'initializing': truncation from 'double' to 'float'
  Generating Code...
LINK : warning LNK4075: ignoring '/INCREMENTAL' due to '/PROFILE' specification
AssetHandler.obj : warning LNK4075: ignoring '/EDITANDCONTINUE' due to '/OPT:REF' specification
  CMP304.vcxproj -> D:\COMPUTER GAMES TECHNOLOGY\year 3\2022\MAT301\CMP304\x64\Debug\CMP304.exe
