d:\computer games technology\year 3\2022\cmp304\cmp304\x64\debug\vc142.pdb
d:\computer games technology\year 3\2022\cmp304\cmp304\x64\debug\vc142.idb
d:\computer games technology\year 3\2022\cmp304\cmp304\x64\debug\stateman.nativecodeanalysis.sarif
d:\computer games technology\year 3\2022\cmp304\cmp304\x64\debug\stateman.nativecodeanalysis.xml
d:\computer games technology\year 3\2022\cmp304\cmp304\x64\debug\snake.nativecodeanalysis.sarif
d:\computer games technology\year 3\2022\cmp304\cmp304\x64\debug\snake.nativecodeanalysis.xml
d:\computer games technology\year 3\2022\cmp304\cmp304\x64\debug\qlearning.nativecodeanalysis.sarif
d:\computer games technology\year 3\2022\cmp304\cmp304\x64\debug\qlearning.nativecodeanalysis.xml
d:\computer games technology\year 3\2022\cmp304\cmp304\x64\debug\mainmenu.nativecodeanalysis.sarif
d:\computer games technology\year 3\2022\cmp304\cmp304\x64\debug\mainmenu.nativecodeanalysis.xml
d:\computer games technology\year 3\2022\cmp304\cmp304\x64\debug\main.nativecodeanalysis.sarif
d:\computer games technology\year 3\2022\cmp304\cmp304\x64\debug\main.nativecodeanalysis.xml
d:\computer games technology\year 3\2022\cmp304\cmp304\x64\debug\gameplay.nativecodeanalysis.sarif
d:\computer games technology\year 3\2022\cmp304\cmp304\x64\debug\gameplay.nativecodeanalysis.xml
d:\computer games technology\year 3\2022\cmp304\cmp304\x64\debug\game.nativecodeanalysis.sarif
d:\computer games technology\year 3\2022\cmp304\cmp304\x64\debug\game.nativecodeanalysis.xml
d:\computer games technology\year 3\2022\cmp304\cmp304\x64\debug\assetman.nativecodeanalysis.sarif
d:\computer games technology\year 3\2022\cmp304\cmp304\x64\debug\assetman.nativecodeanalysis.xml
d:\computer games technology\year 3\2022\cmp304\cmp304\x64\debug\assetman.obj
d:\computer games technology\year 3\2022\cmp304\cmp304\x64\debug\game.obj
d:\computer games technology\year 3\2022\cmp304\cmp304\x64\debug\gameplay.obj
d:\computer games technology\year 3\2022\cmp304\cmp304\x64\debug\main.obj
d:\computer games technology\year 3\2022\cmp304\cmp304\x64\debug\mainmenu.obj
d:\computer games technology\year 3\2022\cmp304\cmp304\x64\debug\qlearning.obj
d:\computer games technology\year 3\2022\cmp304\cmp304\x64\debug\snake.obj
d:\computer games technology\year 3\2022\cmp304\cmp304\x64\debug\stateman.obj
d:\computer games technology\year 3\2022\cmp304\cmp304\x64\debug\cmp304.ilk
d:\computer games technology\year 3\2022\cmp304\x64\debug\cmp304.exe
d:\computer games technology\year 3\2022\cmp304\x64\debug\cmp304.pdb
d:\computer games technology\year 3\2022\cmp304\cmp304\x64\debug\vc.nativecodeanalysis.all.xml
d:\computer games technology\year 3\2022\cmp304\cmp304\x64\debug\cmp304.tlog\cl.command.1.tlog
d:\computer games technology\year 3\2022\cmp304\cmp304\x64\debug\cmp304.tlog\cl.read.1.tlog
d:\computer games technology\year 3\2022\cmp304\cmp304\x64\debug\cmp304.tlog\cl.write.1.tlog
d:\computer games technology\year 3\2022\cmp304\cmp304\x64\debug\cmp304.tlog\link.command.1.tlog
d:\computer games technology\year 3\2022\cmp304\cmp304\x64\debug\cmp304.tlog\link.read.1.tlog
d:\computer games technology\year 3\2022\cmp304\cmp304\x64\debug\cmp304.tlog\link.write.1.tlog
