d:\computer games technology\year 3\2022\mat301\information on assessment\mat301\mat301\x64\release\vc142.pdb
d:\computer games technology\year 3\2022\mat301\information on assessment\mat301\mat301\x64\release\statehandler.obj
d:\computer games technology\year 3\2022\mat301\information on assessment\mat301\mat301\x64\release\snake.obj
d:\computer games technology\year 3\2022\mat301\information on assessment\mat301\mat301\x64\release\qlearningagent.obj
d:\computer games technology\year 3\2022\mat301\information on assessment\mat301\mat301\x64\release\pausegame.obj
d:\computer games technology\year 3\2022\mat301\information on assessment\mat301\mat301\x64\release\mainmenu.obj
d:\computer games technology\year 3\2022\mat301\information on assessment\mat301\mat301\x64\release\main.obj
d:\computer games technology\year 3\2022\mat301\information on assessment\mat301\mat301\x64\release\environment.obj
d:\computer games technology\year 3\2022\mat301\information on assessment\mat301\mat301\x64\release\game.obj
d:\computer games technology\year 3\2022\mat301\information on assessment\mat301\mat301\x64\release\assethandler.obj
d:\computer games technology\year 3\2022\mat301\information on assessment\mat301\x64\release\mat301.exe
d:\computer games technology\year 3\2022\mat301\information on assessment\mat301\mat301\x64\release\mat301.ipdb
d:\computer games technology\year 3\2022\mat301\information on assessment\mat301\mat301\x64\release\mat301.iobj
d:\computer games technology\year 3\2022\mat301\information on assessment\mat301\x64\release\mat301.pdb
d:\computer games technology\year 3\2022\mat301\information on assessment\mat301\mat301\x64\release\cmp304.ipdb
d:\computer games technology\year 3\2022\mat301\information on assessment\mat301\mat301\x64\release\cmp304.iobj
d:\computer games technology\year 3\2022\mat301\information on assessment\mat301\mat301\x64\release\mat301.tlog\cl.command.1.tlog
d:\computer games technology\year 3\2022\mat301\information on assessment\mat301\mat301\x64\release\mat301.tlog\cl.read.1.tlog
d:\computer games technology\year 3\2022\mat301\information on assessment\mat301\mat301\x64\release\mat301.tlog\cl.write.1.tlog
d:\computer games technology\year 3\2022\mat301\information on assessment\mat301\mat301\x64\release\mat301.tlog\link.command.1.tlog
d:\computer games technology\year 3\2022\mat301\information on assessment\mat301\mat301\x64\release\mat301.tlog\link.read.1.tlog
d:\computer games technology\year 3\2022\mat301\information on assessment\mat301\mat301\x64\release\mat301.tlog\link.write.1.tlog
